2025-06-14 12:29:17,376 INFO [brahamsWaltz]                 Book.java:562  | 1 sheet in /Users/robertwatson/Code/music-pdf-to-speech/src/../score_processing/pdf/brahamsWaltz.pdf
2025-06-14 12:29:17,486 INFO []                 Book.java:2531 | Stored /book.xml
2025-06-14 12:29:17,486 INFO []                 Book.java:2491 | Book stored as ../score_processing/MusicXML/brahamsWaltz.omr
2025-06-14 12:29:17,490 INFO []                 Book.java:1933 | Book reaching PAGE on sheets:[#1]
2025-06-14 12:29:17,490 INFO [brahamsWaltz]       StepMonitoring.java:98   | LOAD
2025-06-14 12:29:17,829 INFO [brahamsWaltz]            SheetStub.java:1268 | Loaded image #1 2481x3245 from /Users/robertwatson/Code/music-pdf-to-speech/src/../score_processing/pdf/brahamsWaltz.pdf
2025-06-14 12:29:17,831 INFO [brahamsWaltz]       StepMonitoring.java:98   | BINARY
2025-06-14 12:29:18,064 INFO [brahamsWaltz]       StepMonitoring.java:98   | SCALE
2025-06-14 12:29:18,079 INFO [brahamsWaltz]         ScaleBuilder.java:241  | Beam  guessed height: 13 -- 0.50 of 26 interline
2025-06-14 12:29:18,079 INFO [brahamsWaltz]         ScaleBuilder.java:264  | Beam measured height: 15 -- 0.42 of [7..26] range at 132% of needed quorum
2025-06-14 12:29:18,079 INFO [brahamsWaltz]            ScaleStep.java:65   | Scale{ interline(24,26,26) line(5,6,7) beam(15)}
2025-06-14 12:29:18,080 INFO [brahamsWaltz]       StepMonitoring.java:98   | GRID
2025-06-14 12:29:18,419 INFO [brahamsWaltz]       LinesRetriever.java:1500 | Global slope: 0.00675
2025-06-14 12:29:18,430 INFO [brahamsWaltz]    ClustersRetriever.java:328  | Retrieved raw line clusters: 7 of sizes [5] with interline(24,26,26)
2025-06-14 12:29:18,491 INFO [brahamsWaltz]            PeakGraph.java:310  | Systems: #1[1] #2[2] #3[3] #4[4] #5[5] #6[6] #7[7]
2025-06-14 12:29:18,654 INFO [brahamsWaltz]        SystemManager.java:779  | 1 part along 7 systems
2025-06-14 12:29:18,655 INFO [brahamsWaltz]                 Book.java:545  | Created scores: [{Score 1}]
2025-06-14 12:29:18,655 INFO [brahamsWaltz]       StepMonitoring.java:98   | HEADERS
2025-06-14 12:29:18,774 INFO [brahamsWaltz]      BasicClassifier.java:277  | Classifier loaded XML norms.
2025-06-14 12:29:18,776 INFO [brahamsWaltz]   AbstractClassifier.java:396  | Classifier data loaded from default uri jar:file:/Users/robertwatson/Code/music-pdf-to-speech/audiveris/app/build/distributions/app-5.6.0/lib/audiveris.jar!/res/basic-classifier.zip
2025-06-14 12:29:19,125 INFO [brahamsWaltz]       StepMonitoring.java:98   | STEM_SEEDS
2025-06-14 12:29:19,156 INFO [brahamsWaltz]        StemSeedsStep.java:86   | stem(5 max:6)
2025-06-14 12:29:19,186 INFO [brahamsWaltz]       StepMonitoring.java:98   | BEAMS
2025-06-14 12:29:22,652 INFO [brahamsWaltz]       StepMonitoring.java:98   | LEDGERS
2025-06-14 12:29:22,727 INFO [brahamsWaltz]       StepMonitoring.java:98   | HEADS
2025-06-14 12:29:26,479 INFO [brahamsWaltz]        HeadSeedTally.java:235  | Scale information: HeadSeeds{NOTEHEAD_BLACK[L:0.0,R:-2.3]}
2025-06-14 12:29:26,480 INFO [brahamsWaltz]       StepMonitoring.java:98   | STEMS
2025-06-14 12:29:26,643 INFO [brahamsWaltz]       StepMonitoring.java:98   | REDUCTION
2025-06-14 12:29:26,678 INFO [brahamsWaltz]        ReductionStep.java:105  | Stems free length median value: 91 pixels, 3.5 interlines
2025-06-14 12:29:26,681 INFO [brahamsWaltz]       StepMonitoring.java:98   | CUE_BEAMS
2025-06-14 12:29:26,681 INFO [brahamsWaltz]         CueBeamsStep.java:81   | Step CUE_BEAMS is skipped because small heads switch is off
2025-06-14 12:29:26,681 INFO [brahamsWaltz]       StepMonitoring.java:98   | TEXTS
2025-06-14 12:29:27,086 INFO [brahamsWaltz]       StepMonitoring.java:98   | MEASURES
2025-06-14 12:29:27,091 INFO [brahamsWaltz]                 Page.java:307  | 30 raw measures: [4 in system#1, 4 in system#2, 4 in system#3, 4 in system#4, 4 in system#5, 5 in system#6, 5 in system#7]
2025-06-14 12:29:27,091 INFO [brahamsWaltz]       StepMonitoring.java:98   | CHORDS
2025-06-14 12:29:27,096 INFO [brahamsWaltz]       StepMonitoring.java:98   | CURVES
2025-06-14 12:29:27,872 INFO [brahamsWaltz]         SlursBuilder.java:240  | Slurs: 1
2025-06-14 12:29:27,876 INFO [brahamsWaltz]      SegmentsBuilder.java:155  | Segments: 2
2025-06-14 12:29:27,878 INFO [brahamsWaltz]       StepMonitoring.java:98   | SYMBOLS
2025-06-14 12:29:28,102 INFO [brahamsWaltz]       StepMonitoring.java:98   | LINKS
2025-06-14 12:29:28,121 INFO [brahamsWaltz]       StepMonitoring.java:98   | RHYTHMS
2025-06-14 12:29:28,140 INFO [brahamsWaltz]       StepMonitoring.java:98   | PAGE
2025-06-14 12:29:28,144 INFO [brahamsWaltz]                 Book.java:2550 | Book{brahamsWaltz} storing
2025-06-14 12:29:28,170 INFO [brahamsWaltz]                 Book.java:2531 | Stored /book.xml
2025-06-14 12:29:28,256 INFO [brahamsWaltz]           DataHolder.java:348  | Stored /sheet#1/BINARY.png
2025-06-14 12:29:28,612 INFO [brahamsWaltz]                Sheet.java:1562 | Stored /sheet#1/sheet#1.xml
2025-06-14 12:29:28,612 INFO [brahamsWaltz]                 Book.java:2491 | Book stored as ../score_processing/MusicXML/brahamsWaltz.omr
2025-06-14 12:29:28,613 INFO [brahamsWaltz]            SheetStub.java:1644 | Disposed sheet
2025-06-14 12:29:28,643 INFO [brahamsWaltz]                 Book.java:2018 | End of Stub#1 memory: 38,373,288
2025-06-14 12:29:28,643 INFO [brahamsWaltz]                 Book.java:2025 | Book processed.
2025-06-14 12:29:28,823 INFO [brahamsWaltz]            SheetStub.java:995  | Loaded /sheet#1/sheet#1.xml
2025-06-14 12:29:28,979 INFO [brahamsWaltz]      PartwiseBuilder.java:2661 | Exporting sheet(s): [#1]
2025-06-14 12:29:29,008 INFO [brahamsWaltz]        ScoreExporter.java:164  | Score brahamsWaltz exported to ../score_processing/MusicXML/brahamsWaltz.mxl
2025-06-14 12:29:29,027 INFO [brahamsWaltz]                Score.java:181  | Closing {Score 1}
