2025-06-03 14:32:46,077 INFO [ComingRoundMountain]                 Book.java:562  | 1 sheet in /Users/robertwatson/Code/talking-music-score/src/../score_processing/pdf/ComingRoundMountain.pdf
2025-06-03 14:32:46,192 INFO []                 Book.java:2531 | Stored /book.xml
2025-06-03 14:32:46,193 INFO []                 Book.java:2491 | Book stored as ../score_processing/MusicXML/ComingRoundMountain.omr
2025-06-03 14:32:46,196 INFO []                 Book.java:1933 | Book reaching PAGE on sheets:[#1]
2025-06-03 14:32:46,197 INFO [ComingRoundMountain]       StepMonitoring.java:98   | LOAD
2025-06-03 14:32:46,525 INFO [ComingRoundMountain]            SheetStub.java:1268 | Loaded image #1 2481x3191 from /Users/robertwatson/Code/talking-music-score/src/../score_processing/pdf/ComingRoundMountain.pdf
2025-06-03 14:32:46,539 INFO [ComingRoundMountain]       StepMonitoring.java:98   | BINARY
2025-06-03 14:32:46,803 INFO [ComingRoundMountain]       StepMonitoring.java:98   | SCALE
2025-06-03 14:32:46,818 INFO [ComingRoundMountain]         ScaleBuilder.java:241  | Beam  guessed height: 14 -- 0.50 of 29 interline
2025-06-03 14:32:46,819 INFO [ComingRoundMountain]         ScaleBuilder.java:264  | Beam measured height: 17 -- 0.43 of [8..29] range at 192% of needed quorum
2025-06-03 14:32:46,819 INFO [ComingRoundMountain]            ScaleStep.java:65   | Scale{ interline(28,29,30) line(5,6,7) beam(17)}
2025-06-03 14:32:46,819 INFO [ComingRoundMountain]       StepMonitoring.java:98   | GRID
2025-06-03 14:32:47,139 INFO [ComingRoundMountain]       LinesRetriever.java:1500 | Global slope: -0.00053
2025-06-03 14:32:47,151 INFO [ComingRoundMountain]    ClustersRetriever.java:328  | Retrieved raw line clusters: 8 of sizes [5] with interline(28,29,30)
2025-06-03 14:32:47,220 INFO [ComingRoundMountain]            PeakGraph.java:310  | Systems: #1[1] #2[2] #3[3] #4[4] #5[5] #6[6] #7[7] #8[8]
2025-06-03 14:32:47,408 INFO [ComingRoundMountain]        SystemManager.java:779  | 1 part along 8 systems
2025-06-03 14:32:47,408 INFO [ComingRoundMountain]                 Book.java:545  | Created scores: [{Score 1}]
2025-06-03 14:32:47,408 INFO [ComingRoundMountain]       StepMonitoring.java:98   | HEADERS
2025-06-03 14:32:47,547 INFO [ComingRoundMountain]      BasicClassifier.java:277  | Classifier loaded XML norms.
2025-06-03 14:32:47,548 INFO [ComingRoundMountain]   AbstractClassifier.java:396  | Classifier data loaded from default uri jar:file:/Users/robertwatson/Code/talking-music-score/audiveris/app/build/distributions/app-5.6.0/lib/audiveris.jar!/res/basic-classifier.zip
2025-06-03 14:32:47,918 INFO [ComingRoundMountain]       StepMonitoring.java:98   | STEM_SEEDS
2025-06-03 14:32:47,949 INFO [ComingRoundMountain]        StemSeedsStep.java:86   | stem(5 max:6)
2025-06-03 14:32:47,978 INFO [ComingRoundMountain]       StepMonitoring.java:98   | BEAMS
2025-06-03 14:32:52,381 INFO [ComingRoundMountain]       StepMonitoring.java:98   | LEDGERS
2025-06-03 14:32:52,513 INFO [ComingRoundMountain]       StepMonitoring.java:98   | HEADS
2025-06-03 14:32:57,429 INFO [ComingRoundMountain]        HeadSeedTally.java:235  | Scale information: HeadSeeds{NOTEHEAD_BLACK[L:0.1,R:-0.3]}
2025-06-03 14:32:57,430 INFO [ComingRoundMountain]       StepMonitoring.java:98   | STEMS
2025-06-03 14:32:57,564 INFO [ComingRoundMountain]       StepMonitoring.java:98   | REDUCTION
2025-06-03 14:32:57,589 INFO [ComingRoundMountain]        ReductionStep.java:105  | Stems free length median value: 104 pixels, 3.6 interlines
2025-06-03 14:32:57,591 INFO [ComingRoundMountain]       StepMonitoring.java:98   | CUE_BEAMS
2025-06-03 14:32:57,591 INFO [ComingRoundMountain]         CueBeamsStep.java:81   | Step CUE_BEAMS is skipped because small heads switch is off
2025-06-03 14:32:57,591 INFO [ComingRoundMountain]       StepMonitoring.java:98   | TEXTS
2025-06-03 14:32:57,992 INFO [ComingRoundMountain]       StepMonitoring.java:98   | MEASURES
2025-06-03 14:32:57,998 INFO [ComingRoundMountain]                 Page.java:307  | 33 raw measures: [5 in system#1, 4 in system#2, 4 in system#3, 4 in system#4, 4 in system#5, 4 in system#6, 4 in system#7, 4 in system#8]
2025-06-03 14:32:57,999 INFO [ComingRoundMountain]       StepMonitoring.java:98   | CHORDS
2025-06-03 14:32:58,008 INFO [ComingRoundMountain]       StepMonitoring.java:98   | CURVES
2025-06-03 14:32:58,829 INFO [ComingRoundMountain]         SlursBuilder.java:240  | Slurs: 6
2025-06-03 14:32:58,831 INFO [ComingRoundMountain]      SegmentsBuilder.java:155  | Segments: 0
2025-06-03 14:32:58,833 INFO [ComingRoundMountain]       StepMonitoring.java:98   | SYMBOLS
2025-06-03 14:32:59,007 INFO [ComingRoundMountain]       StepMonitoring.java:98   | LINKS
2025-06-03 14:32:59,024 INFO [ComingRoundMountain]       StepMonitoring.java:98   | RHYTHMS
2025-06-03 14:32:59,037 INFO [ComingRoundMountain]        MeasureRhythm.java:1045 | Measure{#10} No timeOffset for RestChordInter#2859{(0.758/0.758) staff:3 slot#2 dur:1/8}
2025-06-03 14:32:59,037 INFO [ComingRoundMountain]   AbstractChordInter.java:627  | Measure{#10} No timeOffset for RestChordInter#2859{(0.758/0.758) staff:3 slot#2 dur:1/8}
2025-06-03 14:32:59,037 INFO [ComingRoundMountain]          StackRhythm.java:224  | S3 MeasureStack#10 no correct rhythm
2025-06-03 14:32:59,039 INFO [ComingRoundMountain]        MeasureRhythm.java:1045 | Measure{#14} No timeOffset for RestChordInter#2862{(0.758/0.758) staff:4 slot#2 dur:1/8}
2025-06-03 14:32:59,039 INFO [ComingRoundMountain]   AbstractChordInter.java:627  | Measure{#14} No timeOffset for RestChordInter#2862{(0.758/0.758) staff:4 slot#2 dur:1/8}
2025-06-03 14:32:59,040 INFO [ComingRoundMountain]          StackRhythm.java:224  | S4 MeasureStack#14 no correct rhythm
2025-06-03 14:32:59,045 INFO [ComingRoundMountain]       StepMonitoring.java:98   | PAGE
2025-06-03 14:32:59,050 INFO [ComingRoundMountain]                 Book.java:2550 | Book{ComingRoundMountain} storing
2025-06-03 14:32:59,076 INFO [ComingRoundMountain]                 Book.java:2531 | Stored /book.xml
2025-06-03 14:32:59,140 INFO [ComingRoundMountain]           DataHolder.java:348  | Stored /sheet#1/BINARY.png
2025-06-03 14:32:59,549 INFO [ComingRoundMountain]                Sheet.java:1562 | Stored /sheet#1/sheet#1.xml
2025-06-03 14:32:59,549 INFO [ComingRoundMountain]                 Book.java:2491 | Book stored as ../score_processing/MusicXML/ComingRoundMountain.omr
2025-06-03 14:32:59,552 INFO [ComingRoundMountain]            SheetStub.java:1644 | Disposed sheet
2025-06-03 14:32:59,581 INFO [ComingRoundMountain]                 Book.java:2018 | End of Stub#1 memory: 38,211,664
2025-06-03 14:32:59,581 INFO [ComingRoundMountain]                 Book.java:2025 | Book processed.
2025-06-03 14:32:59,768 INFO [ComingRoundMountain]            SheetStub.java:995  | Loaded /sheet#1/sheet#1.xml
2025-06-03 14:32:59,924 INFO [ComingRoundMountain]      PartwiseBuilder.java:2661 | Exporting sheet(s): [#1]
2025-06-03 14:32:59,953 INFO [ComingRoundMountain]        ScoreExporter.java:164  | Score ComingRoundMountain exported to ../score_processing/MusicXML/ComingRoundMountain.mxl
2025-06-03 14:32:59,973 INFO [ComingRoundMountain]                Score.java:181  | Closing {Score 1}
