2025-05-23 12:24:33,667 INFO [ComingRoundMountain]                 Book.java:562  | 1 sheet in /Users/robertwatson/Code/talking-music-score/src/../score_processing/pdf/ComingRoundMountain.pdf
2025-05-23 12:24:33,767 INFO []                 Book.java:2531 | Stored /book.xml
2025-05-23 12:24:33,767 INFO []                 Book.java:2491 | Book stored as ../score_processing/MusicXML/ComingRoundMountain.omr
2025-05-23 12:24:33,771 INFO []                 Book.java:1933 | Book reaching PAGE on sheets:[#1]
2025-05-23 12:24:33,771 INFO [ComingRoundMountain]       StepMonitoring.java:98   | LOAD
2025-05-23 12:24:34,111 INFO [ComingRoundMountain]            SheetStub.java:1268 | Loaded image #1 2481x3191 from /Users/robertwatson/Code/talking-music-score/src/../score_processing/pdf/ComingRoundMountain.pdf
2025-05-23 12:24:34,125 INFO [ComingRoundMountain]       StepMonitoring.java:98   | BINARY
2025-05-23 12:24:34,358 INFO [ComingRoundMountain]       StepMonitoring.java:98   | SCALE
2025-05-23 12:24:34,372 INFO [ComingRoundMountain]         ScaleBuilder.java:241  | Beam  guessed height: 14 -- 0.50 of 29 interline
2025-05-23 12:24:34,373 INFO [ComingRoundMountain]         ScaleBuilder.java:264  | Beam measured height: 17 -- 0.43 of [8..29] range at 192% of needed quorum
2025-05-23 12:24:34,373 INFO [ComingRoundMountain]            ScaleStep.java:65   | Scale{ interline(28,29,30) line(5,6,7) beam(17)}
2025-05-23 12:24:34,373 INFO [ComingRoundMountain]       StepMonitoring.java:98   | GRID
2025-05-23 12:24:34,697 INFO [ComingRoundMountain]       LinesRetriever.java:1500 | Global slope: -0.00053
2025-05-23 12:24:34,709 INFO [ComingRoundMountain]    ClustersRetriever.java:328  | Retrieved raw line clusters: 8 of sizes [5] with interline(28,29,30)
2025-05-23 12:24:34,779 INFO [ComingRoundMountain]            PeakGraph.java:310  | Systems: #1[1] #2[2] #3[3] #4[4] #5[5] #6[6] #7[7] #8[8]
2025-05-23 12:24:34,954 INFO [ComingRoundMountain]        SystemManager.java:779  | 1 part along 8 systems
2025-05-23 12:24:34,954 INFO [ComingRoundMountain]                 Book.java:545  | Created scores: [{Score 1}]
2025-05-23 12:24:34,955 INFO [ComingRoundMountain]       StepMonitoring.java:98   | HEADERS
2025-05-23 12:24:35,076 INFO [ComingRoundMountain]      BasicClassifier.java:277  | Classifier loaded XML norms.
2025-05-23 12:24:35,078 INFO [ComingRoundMountain]   AbstractClassifier.java:396  | Classifier data loaded from default uri jar:file:/Users/robertwatson/Code/talking-music-score/audiveris/app/build/distributions/app-5.6.0/lib/audiveris.jar!/res/basic-classifier.zip
2025-05-23 12:24:35,463 INFO [ComingRoundMountain]       StepMonitoring.java:98   | STEM_SEEDS
2025-05-23 12:24:35,493 INFO [ComingRoundMountain]        StemSeedsStep.java:86   | stem(5 max:6)
2025-05-23 12:24:35,519 INFO [ComingRoundMountain]       StepMonitoring.java:98   | BEAMS
2025-05-23 12:24:39,896 INFO [ComingRoundMountain]       StepMonitoring.java:98   | LEDGERS
2025-05-23 12:24:39,983 INFO [ComingRoundMountain]       StepMonitoring.java:98   | HEADS
2025-05-23 12:24:44,755 INFO [ComingRoundMountain]        HeadSeedTally.java:235  | Scale information: HeadSeeds{NOTEHEAD_BLACK[L:0.1,R:-0.3]}
2025-05-23 12:24:44,755 INFO [ComingRoundMountain]       StepMonitoring.java:98   | STEMS
2025-05-23 12:24:44,872 INFO [ComingRoundMountain]       StepMonitoring.java:98   | REDUCTION
2025-05-23 12:24:44,908 INFO [ComingRoundMountain]        ReductionStep.java:105  | Stems free length median value: 104 pixels, 3.6 interlines
2025-05-23 12:24:44,909 INFO [ComingRoundMountain]       StepMonitoring.java:98   | CUE_BEAMS
2025-05-23 12:24:44,909 INFO [ComingRoundMountain]         CueBeamsStep.java:81   | Step CUE_BEAMS is skipped because small heads switch is off
2025-05-23 12:24:44,910 INFO [ComingRoundMountain]       StepMonitoring.java:98   | TEXTS
2025-05-23 12:24:45,265 INFO [ComingRoundMountain]       StepMonitoring.java:98   | MEASURES
2025-05-23 12:24:45,270 INFO [ComingRoundMountain]                 Page.java:307  | 33 raw measures: [5 in system#1, 4 in system#2, 4 in system#3, 4 in system#4, 4 in system#5, 4 in system#6, 4 in system#7, 4 in system#8]
2025-05-23 12:24:45,270 INFO [ComingRoundMountain]       StepMonitoring.java:98   | CHORDS
2025-05-23 12:24:45,275 INFO [ComingRoundMountain]       StepMonitoring.java:98   | CURVES
2025-05-23 12:24:46,059 INFO [ComingRoundMountain]         SlursBuilder.java:240  | Slurs: 6
2025-05-23 12:24:46,062 INFO [ComingRoundMountain]      SegmentsBuilder.java:155  | Segments: 0
2025-05-23 12:24:46,063 INFO [ComingRoundMountain]       StepMonitoring.java:98   | SYMBOLS
2025-05-23 12:24:46,275 INFO [ComingRoundMountain]       StepMonitoring.java:98   | LINKS
2025-05-23 12:24:46,291 INFO [ComingRoundMountain]       StepMonitoring.java:98   | RHYTHMS
2025-05-23 12:24:46,305 INFO [ComingRoundMountain]        MeasureRhythm.java:1045 | Measure{#10} No timeOffset for RestChordInter#2859{(0.758/0.758) staff:3 slot#2 dur:1/8}
2025-05-23 12:24:46,305 INFO [ComingRoundMountain]   AbstractChordInter.java:627  | Measure{#10} No timeOffset for RestChordInter#2859{(0.758/0.758) staff:3 slot#2 dur:1/8}
2025-05-23 12:24:46,305 INFO [ComingRoundMountain]          StackRhythm.java:224  | S3 MeasureStack#10 no correct rhythm
2025-05-23 12:24:46,307 INFO [ComingRoundMountain]        MeasureRhythm.java:1045 | Measure{#14} No timeOffset for RestChordInter#2862{(0.758/0.758) staff:4 slot#2 dur:1/8}
2025-05-23 12:24:46,307 INFO [ComingRoundMountain]   AbstractChordInter.java:627  | Measure{#14} No timeOffset for RestChordInter#2862{(0.758/0.758) staff:4 slot#2 dur:1/8}
2025-05-23 12:24:46,307 INFO [ComingRoundMountain]          StackRhythm.java:224  | S4 MeasureStack#14 no correct rhythm
2025-05-23 12:24:46,313 INFO [ComingRoundMountain]       StepMonitoring.java:98   | PAGE
2025-05-23 12:24:46,318 INFO [ComingRoundMountain]                 Book.java:2550 | Book{ComingRoundMountain} storing
2025-05-23 12:24:46,345 INFO [ComingRoundMountain]                 Book.java:2531 | Stored /book.xml
2025-05-23 12:24:46,424 INFO [ComingRoundMountain]           DataHolder.java:348  | Stored /sheet#1/BINARY.png
2025-05-23 12:24:46,840 INFO [ComingRoundMountain]                Sheet.java:1562 | Stored /sheet#1/sheet#1.xml
2025-05-23 12:24:46,841 INFO [ComingRoundMountain]                 Book.java:2491 | Book stored as ../score_processing/MusicXML/ComingRoundMountain.omr
2025-05-23 12:24:46,842 INFO [ComingRoundMountain]            SheetStub.java:1644 | Disposed sheet
2025-05-23 12:24:46,876 INFO [ComingRoundMountain]                 Book.java:2018 | End of Stub#1 memory: 38,284,784
2025-05-23 12:24:46,876 INFO [ComingRoundMountain]                 Book.java:2025 | Book processed.
2025-05-23 12:24:47,050 INFO [ComingRoundMountain]            SheetStub.java:995  | Loaded /sheet#1/sheet#1.xml
2025-05-23 12:24:47,202 INFO [ComingRoundMountain]      PartwiseBuilder.java:2661 | Exporting sheet(s): [#1]
2025-05-23 12:24:47,230 INFO [ComingRoundMountain]        ScoreExporter.java:164  | Score ComingRoundMountain exported to ../score_processing/MusicXML/ComingRoundMountain.mxl
2025-05-23 12:24:47,249 INFO [ComingRoundMountain]                Score.java:181  | Closing {Score 1}
